
> server@0.0.0 start /home/ubuntu/mobile_server2/myapp
> cross-env nodemon --ignore 'public/js/*' --exec babel-node ./bin/www

/usr/bin/env: ‘node’: No such file or directory

npm ERR! Linux 4.4.0-1083-aws
npm ERR! argv "/usr/bin/nodejs" "/usr/bin/npm" "start"
npm ERR! node v4.2.6
npm ERR! npm  v3.5.2
npm ERR! file sh
npm ERR! code ELIFECYCLE
npm ERR! errno ENOENT
npm ERR! syscall spawn
npm ERR! server@0.0.0 start: `cross-env nodemon --ignore 'public/js/*' --exec babel-node ./bin/www`
npm ERR! spawn ENOENT
npm ERR! 
npm ERR! Failed at the server@0.0.0 start script 'cross-env nodemon --ignore 'public/js/*' --exec babel-node ./bin/www'.
npm ERR! Make sure you have the latest version of node.js and npm installed.
npm ERR! If you do, this is most likely a problem with the server package,
npm ERR! not with npm itself.
npm ERR! Tell the author that this fails on your system:
npm ERR!     cross-env nodemon --ignore 'public/js/*' --exec babel-node ./bin/www
npm ERR! You can get information on how to open an issue for this project with:
npm ERR!     npm bugs server
npm ERR! Or if that isn't available, you can get their info via:
npm ERR!     npm owner ls server
npm ERR! There is likely additional logging output above.

npm ERR! Please include the following file with any support request:
npm ERR!     /home/ubuntu/mobile_server2/myapp/npm-debug.log

> server@0.0.0 start /home/ubuntu/mobile_server2/myapp
> cross-env nodemon --ignore 'public/js/*' --exec babel-node ./bin/www

/usr/bin/env: ‘node’: No such file or directory

npm ERR! Linux 4.4.0-1083-aws
npm ERR! argv "/usr/bin/nodejs" "/usr/bin/npm" "start"
npm ERR! node v4.2.6
npm ERR! npm  v3.5.2
npm ERR! file sh
npm ERR! code ELIFECYCLE
npm ERR! errno ENOENT
npm ERR! syscall spawn
npm ERR! server@0.0.0 start: `cross-env nodemon --ignore 'public/js/*' --exec babel-node ./bin/www`
npm ERR! spawn ENOENT
npm ERR! 
npm ERR! Failed at the server@0.0.0 start script 'cross-env nodemon --ignore 'public/js/*' --exec babel-node ./bin/www'.
npm ERR! Make sure you have the latest version of node.js and npm installed.
npm ERR! If you do, this is most likely a problem with the server package,
npm ERR! not with npm itself.
npm ERR! Tell the author that this fails on your system:
npm ERR!     cross-env nodemon --ignore 'public/js/*' --exec babel-node ./bin/www
npm ERR! You can get information on how to open an issue for this project with:
npm ERR!     npm bugs server
npm ERR! Or if that isn't available, you can get their info via:
npm ERR!     npm owner ls server
npm ERR! There is likely additional logging output above.

npm ERR! Please include the following file with any support request:
npm ERR!     /home/ubuntu/mobile_server2/myapp/npm-debug.log

> server@0.0.0 start /home/ubuntu/mobile_server2/myapp
> cross-env nodemon --ignore 'public/js/*' --exec babel-node ./bin/www

/usr/bin/env: ‘node’: No such file or directory

npm ERR! Linux 4.4.0-1083-aws
npm ERR! argv "/usr/bin/nodejs" "/usr/bin/npm" "start"
npm ERR! node v4.2.6
npm ERR! npm  v3.5.2
npm ERR! file sh
npm ERR! code ELIFECYCLE
npm ERR! errno ENOENT
npm ERR! syscall spawn
npm ERR! server@0.0.0 start: `cross-env nodemon --ignore 'public/js/*' --exec babel-node ./bin/www`
npm ERR! spawn ENOENT
npm ERR! 
npm ERR! Failed at the server@0.0.0 start script 'cross-env nodemon --ignore 'public/js/*' --exec babel-node ./bin/www'.
npm ERR! Make sure you have the latest version of node.js and npm installed.
npm ERR! If you do, this is most likely a problem with the server package,
npm ERR! not with npm itself.
npm ERR! Tell the author that this fails on your system:
npm ERR!     cross-env nodemon --ignore 'public/js/*' --exec babel-node ./bin/www
npm ERR! You can get information on how to open an issue for this project with:
npm ERR!     npm bugs server
npm ERR! Or if that isn't available, you can get their info via:
npm ERR!     npm owner ls server
npm ERR! There is likely additional logging output above.

npm ERR! Please include the following file with any support request:
npm ERR!     /home/ubuntu/mobile_server2/myapp/npm-debug.log

> server@0.0.0 start /home/ubuntu/mobile_server2/myapp
> cross-env nodemon --ignore 'public/js/*' --exec babel-node ./bin/www

/usr/bin/env: ‘node’: No such file or directory

npm ERR! Linux 4.4.0-1083-aws
npm ERR! argv "/usr/bin/nodejs" "/usr/bin/npm" "start"
npm ERR! node v4.2.6
npm ERR! npm  v3.5.2
npm ERR! file sh
npm ERR! code ELIFECYCLE
npm ERR! errno ENOENT
npm ERR! syscall spawn
npm ERR! server@0.0.0 start: `cross-env nodemon --ignore 'public/js/*' --exec babel-node ./bin/www`
npm ERR! spawn ENOENT
npm ERR! 
npm ERR! Failed at the server@0.0.0 start script 'cross-env nodemon --ignore 'public/js/*' --exec babel-node ./bin/www'.
npm ERR! Make sure you have the latest version of node.js and npm installed.
npm ERR! If you do, this is most likely a problem with the server package,
npm ERR! not with npm itself.
npm ERR! Tell the author that this fails on your system:
npm ERR!     cross-env nodemon --ignore 'public/js/*' --exec babel-node ./bin/www
npm ERR! You can get information on how to open an issue for this project with:
npm ERR!     npm bugs server
npm ERR! Or if that isn't available, you can get their info via:
npm ERR!     npm owner ls server
npm ERR! There is likely additional logging output above.

npm ERR! Please include the following file with any support request:
npm ERR!     /home/ubuntu/mobile_server2/myapp/npm-debug.log

> server@0.0.0 start /home/ubuntu/mobile_server2/myapp
> cross-env nodemon --ignore 'public/js/*' --exec babel-node ./bin/www

/usr/bin/env: ‘node’: No such file or directory

npm ERR! Linux 4.4.0-1084-aws
npm ERR! argv "/usr/bin/nodejs" "/usr/bin/npm" "start"
npm ERR! node v4.2.6
npm ERR! npm  v3.5.2
npm ERR! file sh
npm ERR! code ELIFECYCLE
npm ERR! errno ENOENT
npm ERR! syscall spawn
npm ERR! server@0.0.0 start: `cross-env nodemon --ignore 'public/js/*' --exec babel-node ./bin/www`
npm ERR! spawn ENOENT
npm ERR! 
npm ERR! Failed at the server@0.0.0 start script 'cross-env nodemon --ignore 'public/js/*' --exec babel-node ./bin/www'.
npm ERR! Make sure you have the latest version of node.js and npm installed.
npm ERR! If you do, this is most likely a problem with the server package,
npm ERR! not with npm itself.
npm ERR! Tell the author that this fails on your system:
npm ERR!     cross-env nodemon --ignore 'public/js/*' --exec babel-node ./bin/www
npm ERR! You can get information on how to open an issue for this project with:
npm ERR!     npm bugs server
npm ERR! Or if that isn't available, you can get their info via:
npm ERR!     npm owner ls server
npm ERR! There is likely additional logging output above.

npm ERR! Please include the following file with any support request:
npm ERR!     /home/ubuntu/mobile_server2/myapp/npm-debug.log

> server@0.0.0 start /home/ubuntu/mobile_server2/myapp
> cross-env nodemon --ignore 'public/js/*' --exec babel-node ./bin/www

/usr/bin/env: ‘node’: No such file or directory

npm ERR! Linux 4.4.0-1084-aws
npm ERR! argv "/usr/bin/nodejs" "/usr/bin/npm" "start"
npm ERR! node v4.2.6
npm ERR! npm  v3.5.2
npm ERR! file sh
npm ERR! code ELIFECYCLE
npm ERR! errno ENOENT
npm ERR! syscall spawn
npm ERR! server@0.0.0 start: `cross-env nodemon --ignore 'public/js/*' --exec babel-node ./bin/www`
npm ERR! spawn ENOENT
npm ERR! 
npm ERR! Failed at the server@0.0.0 start script 'cross-env nodemon --ignore 'public/js/*' --exec babel-node ./bin/www'.
npm ERR! Make sure you have the latest version of node.js and npm installed.
npm ERR! If you do, this is most likely a problem with the server package,
npm ERR! not with npm itself.
npm ERR! Tell the author that this fails on your system:
npm ERR!     cross-env nodemon --ignore 'public/js/*' --exec babel-node ./bin/www
npm ERR! You can get information on how to open an issue for this project with:
npm ERR!     npm bugs server
npm ERR! Or if that isn't available, you can get their info via:
npm ERR!     npm owner ls server
npm ERR! There is likely additional logging output above.

npm ERR! Please include the following file with any support request:
npm ERR!     /home/ubuntu/mobile_server2/myapp/npm-debug.log

> server@0.0.0 start /home/ubuntu/mobile_server2/myapp
> cross-env nodemon --ignore 'public/js/*' --exec babel-node ./bin/www

/usr/bin/env: ‘node’: No such file or directory

npm ERR! Linux 4.4.0-1084-aws
npm ERR! argv "/usr/bin/nodejs" "/usr/bin/npm" "start"
npm ERR! node v4.2.6
npm ERR! npm  v3.5.2
npm ERR! file sh
npm ERR! code ELIFECYCLE
npm ERR! errno ENOENT
npm ERR! syscall spawn
npm ERR! server@0.0.0 start: `cross-env nodemon --ignore 'public/js/*' --exec babel-node ./bin/www`
npm ERR! spawn ENOENT
npm ERR! 
npm ERR! Failed at the server@0.0.0 start script 'cross-env nodemon --ignore 'public/js/*' --exec babel-node ./bin/www'.
npm ERR! Make sure you have the latest version of node.js and npm installed.
npm ERR! If you do, this is most likely a problem with the server package,
npm ERR! not with npm itself.
npm ERR! Tell the author that this fails on your system:
npm ERR!     cross-env nodemon --ignore 'public/js/*' --exec babel-node ./bin/www
npm ERR! You can get information on how to open an issue for this project with:
npm ERR!     npm bugs server
npm ERR! Or if that isn't available, you can get their info via:
npm ERR!     npm owner ls server
npm ERR! There is likely additional logging output above.

npm ERR! Please include the following file with any support request:
npm ERR!     /home/ubuntu/mobile_server2/myapp/npm-debug.log

> server@0.0.0 start /home/ubuntu/mobile_server2/myapp
> cross-env nodemon --ignore 'public/js/*' --exec babel-node ./bin/www

[33m[nodemon] 1.19.1[39m
[33m[nodemon] to restart at any time, enter `rs`[39m
[33m[nodemon] watching: *.*[39m
[32m[nodemon] starting `babel-node ./bin/www`[39m
events.js:177
      throw er; // Unhandled 'error' event
      ^

Error: EBADF: bad file descriptor, read
Emitted 'error' event at:
    at internal/fs/streams.js:173:12
    at FSReqCallback.wrapper [as oncomplete] (fs.js:477:5) {
  errno: -9,
  code: 'EBADF',
  syscall: 'read'
}
npm ERR! code ELIFECYCLE
npm ERR! errno 1
npm ERR! server@0.0.0 start: `cross-env nodemon --ignore 'public/js/*' --exec babel-node ./bin/www`
npm ERR! Exit status 1
npm ERR! 
npm ERR! Failed at the server@0.0.0 start script.
npm ERR! This is probably not a problem with npm. There is likely additional logging output above.

npm ERR! A complete log of this run can be found in:
npm ERR!     /root/.npm/_logs/2019-06-12T11_57_58_529Z-debug.log
(node:3680) DeprecationWarning: current URL string parser is deprecated, and will be removed in a future version. To use the new parser, pass option { useNewUrlParser: true } to MongoClient.connect.
DB connected
(node:3680) [DEP0066] DeprecationWarning: OutgoingMessage.prototype._headers is deprecated
[0mGET / [32m200 [0m59.730 ms - 1207[0m
[0mGET /stylesheets/style.css [36m304 [0m1.482 ms - -[0m
[0mGET /favicon.ico [0m- [0m- ms - -[0m
[0mGET / [36m304 [0m2.261 ms - -[0m
[0mGET /favicon.ico [0m- [0m- ms - -[0m
[0mGET /stylesheets/style.css [36m304 [0m0.414 ms - -[0m
[0mPOST /auth/signin [33m401 [0m28.496 ms - -[0m
[0mGET /favicon.ico [0m- [0m- ms - -[0m
[0mGET /favicon.ico [0m- [0m- ms - -[0m
[0mGET /auth/signup [0m- [0m- ms - -[0m
[0mPOST /auth/signin [33m401 [0m3.277 ms - -[0m
[0mGET /favicon.ico [0m- [0m- ms - -[0m

> server@0.0.0 start /home/ubuntu/mobile_server2/myapp
> cross-env nodemon --ignore 'public/js/*' --exec babel-node ./bin/www

/usr/bin/env: ‘node’: No such file or directory

npm ERR! Linux 4.4.0-1084-aws
npm ERR! argv "/usr/bin/nodejs" "/usr/bin/npm" "start"
npm ERR! node v4.2.6
npm ERR! npm  v3.5.2
npm ERR! file sh
npm ERR! code ELIFECYCLE
npm ERR! errno ENOENT
npm ERR! syscall spawn
npm ERR! server@0.0.0 start: `cross-env nodemon --ignore 'public/js/*' --exec babel-node ./bin/www`
npm ERR! spawn ENOENT
npm ERR! 
npm ERR! Failed at the server@0.0.0 start script 'cross-env nodemon --ignore 'public/js/*' --exec babel-node ./bin/www'.
npm ERR! Make sure you have the latest version of node.js and npm installed.
npm ERR! If you do, this is most likely a problem with the server package,
npm ERR! not with npm itself.
npm ERR! Tell the author that this fails on your system:
npm ERR!     cross-env nodemon --ignore 'public/js/*' --exec babel-node ./bin/www
npm ERR! You can get information on how to open an issue for this project with:
npm ERR!     npm bugs server
npm ERR! Or if that isn't available, you can get their info via:
npm ERR!     npm owner ls server
npm ERR! There is likely additional logging output above.

npm ERR! Please include the following file with any support request:
npm ERR!     /home/ubuntu/mobile_server2/myapp/npm-debug.log
[0mGET /favicon.ico [0m- [0m- ms - -[0m

> server@0.0.0 start /home/ubuntu/mobile_server2/myapp
> cross-env nodemon --ignore 'public/js/*' --exec babel-node ./bin/www

/usr/bin/env: ‘node’: No such file or directory

npm ERR! Linux 4.4.0-1084-aws
npm ERR! argv "/usr/bin/nodejs" "/usr/bin/npm" "start"
npm ERR! node v4.2.6
npm ERR! npm  v3.5.2
npm ERR! file sh
npm ERR! code ELIFECYCLE
npm ERR! errno ENOENT
npm ERR! syscall spawn
npm ERR! server@0.0.0 start: `cross-env nodemon --ignore 'public/js/*' --exec babel-node ./bin/www`
npm ERR! spawn ENOENT
npm ERR! 
npm ERR! Failed at the server@0.0.0 start script 'cross-env nodemon --ignore 'public/js/*' --exec babel-node ./bin/www'.
npm ERR! Make sure you have the latest version of node.js and npm installed.
npm ERR! If you do, this is most likely a problem with the server package,
npm ERR! not with npm itself.
npm ERR! Tell the author that this fails on your system:
npm ERR!     cross-env nodemon --ignore 'public/js/*' --exec babel-node ./bin/www
npm ERR! You can get information on how to open an issue for this project with:
npm ERR!     npm bugs server
npm ERR! Or if that isn't available, you can get their info via:
npm ERR!     npm owner ls server
npm ERR! There is likely additional logging output above.

npm ERR! Please include the following file with any support request:
npm ERR!     /home/ubuntu/mobile_server2/myapp/npm-debug.log

> server@0.0.0 start /home/ubuntu/mobile_server2/myapp
> cross-env nodemon --ignore 'public/js/*' --exec babel-node ./bin/www

/usr/bin/env: ‘node’: No such file or directory

npm ERR! Linux 4.4.0-1084-aws
npm ERR! argv "/usr/bin/nodejs" "/usr/bin/npm" "start"
npm ERR! node v4.2.6
npm ERR! npm  v3.5.2
npm ERR! file sh
npm ERR! code ELIFECYCLE
npm ERR! errno ENOENT
npm ERR! syscall spawn
npm ERR! server@0.0.0 start: `cross-env nodemon --ignore 'public/js/*' --exec babel-node ./bin/www`
npm ERR! spawn ENOENT
npm ERR! 
npm ERR! Failed at the server@0.0.0 start script 'cross-env nodemon --ignore 'public/js/*' --exec babel-node ./bin/www'.
npm ERR! Make sure you have the latest version of node.js and npm installed.
npm ERR! If you do, this is most likely a problem with the server package,
npm ERR! not with npm itself.
npm ERR! Tell the author that this fails on your system:
npm ERR!     cross-env nodemon --ignore 'public/js/*' --exec babel-node ./bin/www
npm ERR! You can get information on how to open an issue for this project with:
npm ERR!     npm bugs server
npm ERR! Or if that isn't available, you can get their info via:
npm ERR!     npm owner ls server
npm ERR! There is likely additional logging output above.

npm ERR! Please include the following file with any support request:
npm ERR!     /home/ubuntu/mobile_server2/myapp/npm-debug.log
[0mGET / [36m304 [0m1.572 ms - -[0m
[0mGET /stylesheets/style.css [36m304 [0m0.357 ms - -[0m
[0mGET /favicon.ico [0m- [0m- ms - -[0m
[0mGET / [36m304 [0m1.637 ms - -[0m
[0mGET /favicon.ico [0m- [0m- ms - -[0m
[0mGET /stylesheets/style.css [36m304 [0m0.338 ms - -[0m
[0mGET / [36m304 [0m1.646 ms - -[0m
[0mGET /favicon.ico [0m- [0m- ms - -[0m
[0mGET /stylesheets/style.css [36m304 [0m0.441 ms - -[0m
[0mGET /auth/signup [0m- [0m- ms - -[0m
[0mGET /favicon.ico [0m- [0m- ms - -[0m
[0mPOST /auth/signin [33m401 [0m2.074 ms - -[0m
[0mGET /favicon.ico [0m- [0m- ms - -[0m
[0mGET /favicon.ico [0m- [0m- ms - -[0m
[0mGET /favicon.ico [0m- [0m- ms - -[0m
[0mGET /auth/signup [0m- [0m- ms - -[0m
[0mGET / [36m304 [0m1.736 ms - -[0m
[0mGET /stylesheets/style.css [36m304 [0m0.337 ms - -[0m
[0mGET /auth/signup [0m- [0m- ms - -[0m

> server@0.0.0 start /home/ubuntu/mobile_server2/myapp
> cross-env nodemon --ignore 'public/js/*' --exec babel-node ./bin/www

/usr/bin/env: ‘node’: No such file or directory

npm ERR! Linux 4.4.0-1084-aws
npm ERR! argv "/usr/bin/nodejs" "/usr/bin/npm" "start"
npm ERR! node v4.2.6
npm ERR! npm  v3.5.2
npm ERR! file sh
npm ERR! code ELIFECYCLE
npm ERR! errno ENOENT
npm ERR! syscall spawn
npm ERR! server@0.0.0 start: `cross-env nodemon --ignore 'public/js/*' --exec babel-node ./bin/www`
npm ERR! spawn ENOENT
npm ERR! 
npm ERR! Failed at the server@0.0.0 start script 'cross-env nodemon --ignore 'public/js/*' --exec babel-node ./bin/www'.
npm ERR! Make sure you have the latest version of node.js and npm installed.
npm ERR! If you do, this is most likely a problem with the server package,
npm ERR! not with npm itself.
npm ERR! Tell the author that this fails on your system:
npm ERR!     cross-env nodemon --ignore 'public/js/*' --exec babel-node ./bin/www
npm ERR! You can get information on how to open an issue for this project with:
npm ERR!     npm bugs server
npm ERR! Or if that isn't available, you can get their info via:
npm ERR!     npm owner ls server
npm ERR! There is likely additional logging output above.

npm ERR! Please include the following file with any support request:
npm ERR!     /home/ubuntu/mobile_server2/myapp/npm-debug.log

> server@0.0.0 start /home/ubuntu/mobile_server2/myapp
> cross-env nodemon --ignore 'public/js/*' --exec babel-node ./bin/www

/usr/bin/env: ‘node’: No such file or directory

npm ERR! Linux 4.4.0-1084-aws
npm ERR! argv "/usr/bin/nodejs" "/usr/bin/npm" "start"
npm ERR! node v4.2.6
npm ERR! npm  v3.5.2
npm ERR! file sh
npm ERR! code ELIFECYCLE
npm ERR! errno ENOENT
npm ERR! syscall spawn
npm ERR! server@0.0.0 start: `cross-env nodemon --ignore 'public/js/*' --exec babel-node ./bin/www`
npm ERR! spawn ENOENT
npm ERR! 
npm ERR! Failed at the server@0.0.0 start script 'cross-env nodemon --ignore 'public/js/*' --exec babel-node ./bin/www'.
npm ERR! Make sure you have the latest version of node.js and npm installed.
npm ERR! If you do, this is most likely a problem with the server package,
npm ERR! not with npm itself.
npm ERR! Tell the author that this fails on your system:
npm ERR!     cross-env nodemon --ignore 'public/js/*' --exec babel-node ./bin/www
npm ERR! You can get information on how to open an issue for this project with:
npm ERR!     npm bugs server
npm ERR! Or if that isn't available, you can get their info via:
npm ERR!     npm owner ls server
npm ERR! There is likely additional logging output above.

npm ERR! Please include the following file with any support request:
npm ERR!     /home/ubuntu/mobile_server2/myapp/npm-debug.log

> server@0.0.0 start /home/ubuntu/mobile_server2/myapp
> cross-env nodemon --ignore 'public/js/*' --exec babel-node ./bin/www

/usr/bin/env: ‘node’: No such file or directory

npm ERR! Linux 4.4.0-1084-aws
npm ERR! argv "/usr/bin/nodejs" "/usr/bin/npm" "start"
npm ERR! node v4.2.6
npm ERR! npm  v3.5.2
npm ERR! file sh
npm ERR! code ELIFECYCLE
npm ERR! errno ENOENT
npm ERR! syscall spawn
npm ERR! server@0.0.0 start: `cross-env nodemon --ignore 'public/js/*' --exec babel-node ./bin/www`
npm ERR! spawn ENOENT
npm ERR! 
npm ERR! Failed at the server@0.0.0 start script 'cross-env nodemon --ignore 'public/js/*' --exec babel-node ./bin/www'.
npm ERR! Make sure you have the latest version of node.js and npm installed.
npm ERR! If you do, this is most likely a problem with the server package,
npm ERR! not with npm itself.
npm ERR! Tell the author that this fails on your system:
npm ERR!     cross-env nodemon --ignore 'public/js/*' --exec babel-node ./bin/www
npm ERR! You can get information on how to open an issue for this project with:
npm ERR!     npm bugs server
npm ERR! Or if that isn't available, you can get their info via:
npm ERR!     npm owner ls server
npm ERR! There is likely additional logging output above.

npm ERR! Please include the following file with any support request:
npm ERR!     /home/ubuntu/mobile_server2/myapp/npm-debug.log

> server@0.0.0 start /home/ubuntu/mobile_server2/myapp
> cross-env nodemon --ignore 'public/js/*' --exec babel-node ./bin/www

/usr/bin/env: ‘node’: No such file or directory

npm ERR! Linux 4.4.0-1084-aws
npm ERR! argv "/usr/bin/nodejs" "/usr/bin/npm" "start"
npm ERR! node v4.2.6
npm ERR! npm  v3.5.2
npm ERR! file sh
npm ERR! code ELIFECYCLE
npm ERR! errno ENOENT
npm ERR! syscall spawn
npm ERR! server@0.0.0 start: `cross-env nodemon --ignore 'public/js/*' --exec babel-node ./bin/www`
npm ERR! spawn ENOENT
npm ERR! 
npm ERR! Failed at the server@0.0.0 start script 'cross-env nodemon --ignore 'public/js/*' --exec babel-node ./bin/www'.
npm ERR! Make sure you have the latest version of node.js and npm installed.
npm ERR! If you do, this is most likely a problem with the server package,
npm ERR! not with npm itself.
npm ERR! Tell the author that this fails on your system:
npm ERR!     cross-env nodemon --ignore 'public/js/*' --exec babel-node ./bin/www
npm ERR! You can get information on how to open an issue for this project with:
npm ERR!     npm bugs server
npm ERR! Or if that isn't available, you can get their info via:
npm ERR!     npm owner ls server
npm ERR! There is likely additional logging output above.

npm ERR! Please include the following file with any support request:
npm ERR!     /home/ubuntu/mobile_server2/myapp/npm-debug.log

> server@0.0.0 start /home/ubuntu/mobile_server2/myapp
> cross-env nodemon --ignore 'public/js/*' --exec babel-node ./bin/www

/usr/bin/env: ‘node’: No such file or directory

npm ERR! Linux 4.4.0-1084-aws
npm ERR! argv "/usr/bin/nodejs" "/usr/bin/npm" "start"
npm ERR! node v4.2.6
npm ERR! npm  v3.5.2
npm ERR! file sh
npm ERR! code ELIFECYCLE
npm ERR! errno ENOENT
npm ERR! syscall spawn
npm ERR! server@0.0.0 start: `cross-env nodemon --ignore 'public/js/*' --exec babel-node ./bin/www`
npm ERR! spawn ENOENT
npm ERR! 
npm ERR! Failed at the server@0.0.0 start script 'cross-env nodemon --ignore 'public/js/*' --exec babel-node ./bin/www'.
npm ERR! Make sure you have the latest version of node.js and npm installed.
npm ERR! If you do, this is most likely a problem with the server package,
npm ERR! not with npm itself.
npm ERR! Tell the author that this fails on your system:
npm ERR!     cross-env nodemon --ignore 'public/js/*' --exec babel-node ./bin/www
npm ERR! You can get information on how to open an issue for this project with:
npm ERR!     npm bugs server
npm ERR! Or if that isn't available, you can get their info via:
npm ERR!     npm owner ls server
npm ERR! There is likely additional logging output above.

npm ERR! Please include the following file with any support request:
npm ERR!     /home/ubuntu/mobile_server2/myapp/npm-debug.log

> server@0.0.0 start /home/ubuntu/mobile_server2/myapp
> cross-env nodemon --ignore 'public/js/*' --exec babel-node ./bin/www

/usr/bin/env: ‘node’: No such file or directory

npm ERR! Linux 4.4.0-1084-aws
npm ERR! argv "/usr/bin/nodejs" "/usr/bin/npm" "start"
npm ERR! node v4.2.6
npm ERR! npm  v3.5.2
npm ERR! file sh
npm ERR! code ELIFECYCLE
npm ERR! errno ENOENT
npm ERR! syscall spawn
npm ERR! server@0.0.0 start: `cross-env nodemon --ignore 'public/js/*' --exec babel-node ./bin/www`
npm ERR! spawn ENOENT
npm ERR! 
npm ERR! Failed at the server@0.0.0 start script 'cross-env nodemon --ignore 'public/js/*' --exec babel-node ./bin/www'.
npm ERR! Make sure you have the latest version of node.js and npm installed.
npm ERR! If you do, this is most likely a problem with the server package,
npm ERR! not with npm itself.
npm ERR! Tell the author that this fails on your system:
npm ERR!     cross-env nodemon --ignore 'public/js/*' --exec babel-node ./bin/www
npm ERR! You can get information on how to open an issue for this project with:
npm ERR!     npm bugs server
npm ERR! Or if that isn't available, you can get their info via:
npm ERR!     npm owner ls server
npm ERR! There is likely additional logging output above.

npm ERR! Please include the following file with any support request:
npm ERR!     /home/ubuntu/mobile_server2/myapp/npm-debug.log

> server@0.0.0 start /home/ubuntu/mobile_server2/myapp
> cross-env nodemon --ignore 'public/js/*' --exec babel-node ./bin/www

/usr/bin/env: ‘node’: No such file or directory

npm ERR! Linux 4.4.0-1084-aws
npm ERR! argv "/usr/bin/nodejs" "/usr/bin/npm" "start"
npm ERR! node v4.2.6
npm ERR! npm  v3.5.2
npm ERR! file sh
npm ERR! code ELIFECYCLE
npm ERR! errno ENOENT
npm ERR! syscall spawn
npm ERR! server@0.0.0 start: `cross-env nodemon --ignore 'public/js/*' --exec babel-node ./bin/www`
npm ERR! spawn ENOENT
npm ERR! 
npm ERR! Failed at the server@0.0.0 start script 'cross-env nodemon --ignore 'public/js/*' --exec babel-node ./bin/www'.
npm ERR! Make sure you have the latest version of node.js and npm installed.
npm ERR! If you do, this is most likely a problem with the server package,
npm ERR! not with npm itself.
npm ERR! Tell the author that this fails on your system:
npm ERR!     cross-env nodemon --ignore 'public/js/*' --exec babel-node ./bin/www
npm ERR! You can get information on how to open an issue for this project with:
npm ERR!     npm bugs server
npm ERR! Or if that isn't available, you can get their info via:
npm ERR!     npm owner ls server
npm ERR! There is likely additional logging output above.

npm ERR! Please include the following file with any support request:
npm ERR!     /home/ubuntu/mobile_server2/myapp/npm-debug.log

> server@0.0.0 start /home/ubuntu/mobile_server2/myapp
> cross-env nodemon --ignore 'public/js/*' --exec babel-node ./bin/www

[33m[nodemon] 1.19.1[39m
[33m[nodemon] to restart at any time, enter `rs`[39m
[33m[nodemon] watching: *.*[39m
[32m[nodemon] starting `babel-node ./bin/www`[39m
events.js:177
      throw er; // Unhandled 'error' event
      ^

Error: EBADF: bad file descriptor, read
Emitted 'error' event at:
    at internal/fs/streams.js:173:12
    at FSReqCallback.wrapper [as oncomplete] (fs.js:477:5) {
  errno: -9,
  code: 'EBADF',
  syscall: 'read'
}
npm ERR! code ELIFECYCLE
npm ERR! errno 1
npm ERR! server@0.0.0 start: `cross-env nodemon --ignore 'public/js/*' --exec babel-node ./bin/www`
npm ERR! Exit status 1
npm ERR! 
npm ERR! Failed at the server@0.0.0 start script.
npm ERR! This is probably not a problem with npm. There is likely additional logging output above.

npm ERR! A complete log of this run can be found in:
npm ERR!     /root/.npm/_logs/2019-06-12T12_41_50_117Z-debug.log
(node:2446) DeprecationWarning: current URL string parser is deprecated, and will be removed in a future version. To use the new parser, pass option { useNewUrlParser: true } to MongoClient.connect.
DB connected
(node:2446) [DEP0066] DeprecationWarning: OutgoingMessage.prototype._headers is deprecated
[0mGET / [36m304 [0m58.840 ms - -[0m
[0mGET /stylesheets/style.css [36m304 [0m1.407 ms - -[0m
[0mGET / [36m304 [0m2.454 ms - -[0m
[0mGET /favicon.ico [0m- [0m- ms - -[0m
[0mGET /stylesheets/style.css [36m304 [0m0.483 ms - -[0m
[0mPOST /auth/signin [33m401 [0m35.087 ms - -[0m
[0mPOST /auth/signup [32m200 [0m19.084 ms - 36[0m
[0mGET /favicon.ico [0m- [0m- ms - -[0m
[0mGET / [32m200 [0m2.748 ms - 1207[0m
[0mGET /stylesheets/style.css [32m200 [0m4.405 ms - 111[0m
[0mGET /favicon.ico [0m- [0m- ms - -[0m
[0mGET / [32m200 [0m2.945 ms - 1207[0m
[0mGET / [32m200 [0m1.969 ms - 1207[0m
[0mGET / [32m200 [0m2.548 ms - 1207[0m
[0mGET /stylesheets/style.css [32m200 [0m0.798 ms - 111[0m
[0mGET /favicon.ico [0m- [0m- ms - -[0m
[0mGET / [32m200 [0m7.752 ms - 1207[0m
[0mGET / [32m200 [0m1.737 ms - 1207[0m
[0mGET /stylesheets/style.css [32m200 [0m1.244 ms - 111[0m
[0mGET /favicon.ico [0m- [0m- ms - -[0m
[0mGET / [32m200 [0m1.933 ms - 1207[0m
[0mGET /stylesheets/style.css [32m200 [0m0.720 ms - 111[0m
[0mGET /favicon.ico [0m- [0m- ms - -[0m
[0mGET / [32m200 [0m1.485 ms - 1207[0m
[0mGET /stylesheets/style.css [32m200 [0m0.542 ms - 111[0m
[0mGET /auth/signup [0m- [0m- ms - -[0m
[0mGET /auth/signup [0m- [0m- ms - -[0m
[0mGET /favicon.ico [0m- [0m- ms - -[0m
[0mGET /favicon.ico [0m- [0m- ms - -[0m
[0mGET / [32m200 [0m1.430 ms - 1207[0m
[0mGET /stylesheets/style.css [32m200 [0m0.598 ms - 111[0m
[0mGET /favicon.ico [0m- [0m- ms - -[0m
[0mGET / [32m200 [0m1.624 ms - 1207[0m
[0mGET /stylesheets/style.css [32m200 [0m0.602 ms - 111[0m
[0mGET /favicon.ico [0m- [0m- ms - -[0m
[0mGET / [32m200 [0m1.481 ms - 1207[0m
[0mGET / [32m200 [0m1.586 ms - 1207[0m
[0mGET / [32m200 [0m2.241 ms - 1207[0m
[0mGET / [32m200 [0m1.515 ms - 1207[0m
[0mGET /stylesheets/style.css [32m200 [0m0.625 ms - 111[0m
[0mGET /favicon.ico [0m- [0m- ms - -[0m
[0mGET / [32m200 [0m1.898 ms - 1207[0m
[0mGET /stylesheets/style.css [32m200 [0m0.638 ms - 111[0m
[0mGET /favicon.ico [0m- [0m- ms - -[0m
[0mGET / [32m200 [0m1.349 ms - 1207[0m
[0mGET /stylesheets/style.css [32m200 [0m0.607 ms - 111[0m
[0mGET /favicon.ico [0m- [0m- ms - -[0m
[0mGET / [32m200 [0m1.448 ms - 1207[0m
[0mGET /stylesheets/style.css [32m200 [0m0.550 ms - 111[0m
[0mGET /favicon.ico [0m- [0m- ms - -[0m
[0mGET / [32m200 [0m1.511 ms - 1207[0m
[0mGET /stylesheets/style.css [32m200 [0m0.626 ms - 111[0m
[0mGET /favicon.ico [0m- [0m- ms - -[0m
[0mGET /favicon.ico [0m- [0m- ms - -[0m
[0mGET / [32m200 [0m1.974 ms - 1207[0m
[0mGET / [32m200 [0m1.490 ms - 1207[0m
[0mGET / [32m200 [0m2.287 ms - 1207[0m
[0mGET / [32m200 [0m1.438 ms - 1207[0m
[0mGET / [32m200 [0m1.958 ms - 1207[0m
[0mGET / [32m200 [0m1.519 ms - 1207[0m
[0mGET / [32m200 [0m2.081 ms - 1207[0m
[0mGET /stylesheets/style.css [32m200 [0m0.594 ms - 111[0m
[0mPOST /auth/signin [33m401 [0m3.151 ms - -[0m
[0mGET /favicon.ico [0m- [0m- ms - -[0m
[0mGET / [32m200 [0m1.483 ms - 1207[0m
[0mGET / [32m200 [0m2.107 ms - 1207[0m
[0mGET /favicon.ico [0m- [0m- ms - -[0m
[0mGET / [32m200 [0m1.533 ms - 1207[0m
[0mGET / [32m200 [0m1.481 ms - 1207[0m
[0mGET / [32m200 [0m2.128 ms - 1207[0m
[0mGET http://169.254.169.254/latest/meta-data [33m404 [0m2.171 ms - 51[0m
[0mGET http://169.254.169.254/latest/meta-data [33m404 [0m0.641 ms - 51[0m
[0mGET http://169.254.169.254/latest/meta-data [33m404 [0m0.659 ms - 51[0m
[0mGET http://169.254.169.254/latest/meta-data [33m404 [0m0.542 ms - 51[0m
[0mGET http://169.254.169.254/latest/meta-data [33m404 [0m0.639 ms - 51[0m
[0mGET http://169.254.169.254/latest/meta-data [33m404 [0m0.587 ms - 51[0m
[0mGET http://169.254.169.254/latest/meta-data [33m404 [0m0.560 ms - 51[0m
[0mGET http://169.254.169.254/latest/meta-data [33m404 [0m1.095 ms - 51[0m
[0mGET / [32m200 [0m1.499 ms - 1207[0m
[0mGET / [32m200 [0m2.790 ms - 1207[0m
[0mGET / [32m200 [0m1.499 ms - 1207[0m
[0mGET / [32m200 [0m7.382 ms - 1207[0m
[0mGET / [32m200 [0m1.428 ms - 1207[0m

> server@0.0.0 start /home/ubuntu/mobile_server2/myapp
> cross-env nodemon --ignore 'public/js/*' --exec babel-node ./bin/www

/usr/bin/env: ‘node’: No such file or directory

npm ERR! Linux 4.4.0-1084-aws
npm ERR! argv "/usr/bin/nodejs" "/usr/bin/npm" "start"
npm ERR! node v4.2.6
npm ERR! npm  v3.5.2
npm ERR! file sh
npm ERR! code ELIFECYCLE
npm ERR! errno ENOENT
npm ERR! syscall spawn
npm ERR! server@0.0.0 start: `cross-env nodemon --ignore 'public/js/*' --exec babel-node ./bin/www`
npm ERR! spawn ENOENT
npm ERR! 
npm ERR! Failed at the server@0.0.0 start script 'cross-env nodemon --ignore 'public/js/*' --exec babel-node ./bin/www'.
npm ERR! Make sure you have the latest version of node.js and npm installed.
npm ERR! If you do, this is most likely a problem with the server package,
npm ERR! not with npm itself.
npm ERR! Tell the author that this fails on your system:
npm ERR!     cross-env nodemon --ignore 'public/js/*' --exec babel-node ./bin/www
npm ERR! You can get information on how to open an issue for this project with:
npm ERR!     npm bugs server
npm ERR! Or if that isn't available, you can get their info via:
npm ERR!     npm owner ls server
npm ERR! There is likely additional logging output above.

npm ERR! Please include the following file with any support request:
npm ERR!     /home/ubuntu/mobile_server2/myapp/npm-debug.log

> server@0.0.0 start /home/ubuntu/mobile_server2/myapp
> cross-env nodemon --ignore 'public/js/*' --exec babel-node ./bin/www

/usr/bin/env: ‘node’: No such file or directory

npm ERR! Linux 4.4.0-1084-aws
npm ERR! argv "/usr/bin/nodejs" "/usr/bin/npm" "start"
npm ERR! node v4.2.6
npm ERR! npm  v3.5.2
npm ERR! file sh
npm ERR! code ELIFECYCLE
npm ERR! errno ENOENT
npm ERR! syscall spawn
npm ERR! server@0.0.0 start: `cross-env nodemon --ignore 'public/js/*' --exec babel-node ./bin/www`
npm ERR! spawn ENOENT
npm ERR! 
npm ERR! Failed at the server@0.0.0 start script 'cross-env nodemon --ignore 'public/js/*' --exec babel-node ./bin/www'.
npm ERR! Make sure you have the latest version of node.js and npm installed.
npm ERR! If you do, this is most likely a problem with the server package,
npm ERR! not with npm itself.
npm ERR! Tell the author that this fails on your system:
npm ERR!     cross-env nodemon --ignore 'public/js/*' --exec babel-node ./bin/www
npm ERR! You can get information on how to open an issue for this project with:
npm ERR!     npm bugs server
npm ERR! Or if that isn't available, you can get their info via:
npm ERR!     npm owner ls server
npm ERR! There is likely additional logging output above.

npm ERR! Please include the following file with any support request:
npm ERR!     /home/ubuntu/mobile_server2/myapp/npm-debug.log

> server@0.0.0 start /home/ubuntu/mobile_server2/myapp
> cross-env nodemon --ignore 'public/js/*' --exec babel-node ./bin/www

/usr/bin/env: ‘node’: No such file or directory

npm ERR! Linux 4.4.0-1084-aws
npm ERR! argv "/usr/bin/nodejs" "/usr/bin/npm" "start"
npm ERR! node v4.2.6
npm ERR! npm  v3.5.2
npm ERR! file sh
npm ERR! code ELIFECYCLE
npm ERR! errno ENOENT
npm ERR! syscall spawn
npm ERR! server@0.0.0 start: `cross-env nodemon --ignore 'public/js/*' --exec babel-node ./bin/www`
npm ERR! spawn ENOENT
npm ERR! 
npm ERR! Failed at the server@0.0.0 start script 'cross-env nodemon --ignore 'public/js/*' --exec babel-node ./bin/www'.
npm ERR! Make sure you have the latest version of node.js and npm installed.
npm ERR! If you do, this is most likely a problem with the server package,
npm ERR! not with npm itself.
npm ERR! Tell the author that this fails on your system:
npm ERR!     cross-env nodemon --ignore 'public/js/*' --exec babel-node ./bin/www
npm ERR! You can get information on how to open an issue for this project with:
npm ERR!     npm bugs server
npm ERR! Or if that isn't available, you can get their info via:
npm ERR!     npm owner ls server
npm ERR! There is likely additional logging output above.

npm ERR! Please include the following file with any support request:
npm ERR!     /home/ubuntu/mobile_server2/myapp/npm-debug.log

> server@0.0.0 start /home/ubuntu/mobile_server2/myapp
> cross-env nodemon --ignore 'public/js/*' --exec babel-node ./bin/www

/usr/bin/env: ‘node’: No such file or directory

npm ERR! Linux 4.4.0-1084-aws
npm ERR! argv "/usr/bin/nodejs" "/usr/bin/npm" "start"
npm ERR! node v4.2.6
npm ERR! npm  v3.5.2
npm ERR! file sh
npm ERR! code ELIFECYCLE
npm ERR! errno ENOENT
npm ERR! syscall spawn
npm ERR! server@0.0.0 start: `cross-env nodemon --ignore 'public/js/*' --exec babel-node ./bin/www`
npm ERR! spawn ENOENT
npm ERR! 
npm ERR! Failed at the server@0.0.0 start script 'cross-env nodemon --ignore 'public/js/*' --exec babel-node ./bin/www'.
npm ERR! Make sure you have the latest version of node.js and npm installed.
npm ERR! If you do, this is most likely a problem with the server package,
npm ERR! not with npm itself.
npm ERR! Tell the author that this fails on your system:
npm ERR!     cross-env nodemon --ignore 'public/js/*' --exec babel-node ./bin/www
npm ERR! You can get information on how to open an issue for this project with:
npm ERR!     npm bugs server
npm ERR! Or if that isn't available, you can get their info via:
npm ERR!     npm owner ls server
npm ERR! There is likely additional logging output above.

npm ERR! Please include the following file with any support request:
npm ERR!     /home/ubuntu/mobile_server2/myapp/npm-debug.log
